<?xml version="1.0" encoding="UTF-8"?>
<!-- Generated by org.testng.reporters.JUnitReportReporter -->
<testsuite hostname="Anurags-Air.fritz.box" failures="0" tests="4" name="tests.RegistrationTest" time="2.307" errors="0" timestamp="2024-04-07T15:46:44 CEST" skipped="0">
  <testcase classname="tests.RegistrationTest" name="tc01_validateClearButton" time="0.725"/>
  <testcase classname="tests.RegistrationTest" name="tc03_validatePasswordFieldIsMasked" time="0.060"/>
  <testcase classname="tests.RegistrationTest" name="tc02_validateInvalidEmailValidationMsg" time="0.802"/>
  <testcase classname="tests.RegistrationTest" name="tc04_validateSuccessMessageForValidForm" time="0.720"/>
</testsuite> <!-- tests.RegistrationTest -->
