<?xml version="1.0" encoding="UTF-8"?>
<!-- Generated by org.testng.reporters.JUnitReportReporter -->
<testsuite hostname="Anurags-Air.fritz.box" failures="0" tests="4" name="tests.RegistrationTest" time="3.135" errors="0" timestamp="2024-04-09T18:57:56 CEST" skipped="0">
  <testcase classname="tests.RegistrationTest" name="tc03_validatePasswordFieldIsMasked" time="0.082"/>
  <testcase classname="tests.RegistrationTest" name="tc01_validateClearButton" time="0.796"/>
  <testcase classname="tests.RegistrationTest" name="tc02_validateInvalidEmailValidationMsg" time="1.044"/>
  <testcase classname="tests.RegistrationTest" name="tc04_validateSuccessMessageForValidForm" time="1.213"/>
</testsuite> <!-- tests.RegistrationTest -->
