<?xml version="1.0" encoding="UTF-8"?>
<!-- Generated by org.testng.reporters.JUnitReportReporter -->
<testsuite hostname="Anurags-Air.fritz.box" failures="0" tests="4" name="tests.RegistrationTest" time="2.629" errors="0" timestamp="2024-04-09T20:03:13 CEST" skipped="0">
  <testcase classname="tests.RegistrationTest" name="tc01_validateClearButton" time="0.759"/>
  <testcase classname="tests.RegistrationTest" name="tc03_validatePasswordFieldIsMasked" time="0.054"/>
  <testcase classname="tests.RegistrationTest" name="tc04_validateSuccessMessageForValidForm" time="0.759"/>
  <testcase classname="tests.RegistrationTest" name="tc02_validateInvalidEmailValidationMsg" time="1.057"/>
</testsuite> <!-- tests.RegistrationTest -->
